<?xml version="1.0" encoding="UTF-8"?>
<testsuite name="client.test.ClientServiceTest" tests="1" skipped="0" failures="0" errors="0" timestamp="2022-10-25T12:09:23" hostname="LAB208W-19" time="0.043">
  <properties/>
  <testcase name="shouldThrowClientNotFoundException" classname="client.test.ClientServiceTest" time="0.043"/>
  <system-out><![CDATA[]]></system-out>
  <system-err><![CDATA[]]></system-err>
</testsuite>
